<?xml version="1.0" encoding="UTF-8"?>
<!-- Generated by org.testng.reporters.JUnitXMLReporter -->
<testsuite ignored="0" hostname="DESKTOP-5D7I77E" failures="1" tests="3" name="Test" time="0.074" errors="0" timestamp="23 Jun 2021 07:02:54 GMT">
  <testcase classname="testcases.TestCase2" name="doLogin" time="0.019"/>
  <testcase classname="testcases.TestCase2" name="doUserReg" time="0.005">
    <failure type="java.lang.AssertionError" message="User Reg Test Failed">
      <![CDATA[java.lang.AssertionError: User Reg Test Failed
at testcases.TestCase2.doUserReg(TestCase2.java:19)
... Removed 26 stack frames]]>
    </failure>
  </testcase> <!-- doUserReg -->
  <testcase classname="testcases.TestCase2" name="isSkip" time="0.002">
    <skipped/>
  </testcase> <!-- isSkip -->
</testsuite> <!-- Test -->
